Determining if the pthread_create exist failed with the following output:
Change Dir: /home/benjha/code/isaac/server/build/CMakeFiles/CMakeTmp

Run Build Command:"/usr/bin/make" "cmTC_a149b/fast"
/usr/bin/make -f CMakeFiles/cmTC_a149b.dir/build.make CMakeFiles/cmTC_a149b.dir/build
make[1]: Entering directory '/home/benjha/code/isaac/server/build/CMakeFiles/CMakeTmp'
Building C object CMakeFiles/cmTC_a149b.dir/CheckSymbolExists.c.o
/usr/bin/gcc-5     -o CMakeFiles/cmTC_a149b.dir/CheckSymbolExists.c.o   -c /home/benjha/code/isaac/server/build/CMakeFiles/CMakeTmp/CheckSymbolExists.c
Linking C executable cmTC_a149b
/usr/bin/cmake -E cmake_link_script CMakeFiles/cmTC_a149b.dir/link.txt --verbose=1
/usr/bin/gcc-5       CMakeFiles/cmTC_a149b.dir/CheckSymbolExists.c.o  -o cmTC_a149b -rdynamic 
CMakeFiles/cmTC_a149b.dir/CheckSymbolExists.c.o: In function `main':
CheckSymbolExists.c:(.text+0x16): undefined reference to `pthread_create'
collect2: error: ld returned 1 exit status
CMakeFiles/cmTC_a149b.dir/build.make:97: recipe for target 'cmTC_a149b' failed
make[1]: *** [cmTC_a149b] Error 1
make[1]: Leaving directory '/home/benjha/code/isaac/server/build/CMakeFiles/CMakeTmp'
Makefile:126: recipe for target 'cmTC_a149b/fast' failed
make: *** [cmTC_a149b/fast] Error 2

File /home/benjha/code/isaac/server/build/CMakeFiles/CMakeTmp/CheckSymbolExists.c:
/* */
#include <pthread.h>

int main(int argc, char** argv)
{
  (void)argv;
#ifndef pthread_create
  return ((int*)(&pthread_create))[argc];
#else
  (void)argc;
  return 0;
#endif
}

Determining if the function pthread_create exists in the pthreads failed with the following output:
Change Dir: /home/benjha/code/isaac/server/build/CMakeFiles/CMakeTmp

Run Build Command:"/usr/bin/make" "cmTC_6c80c/fast"
/usr/bin/make -f CMakeFiles/cmTC_6c80c.dir/build.make CMakeFiles/cmTC_6c80c.dir/build
make[1]: Entering directory '/home/benjha/code/isaac/server/build/CMakeFiles/CMakeTmp'
Building C object CMakeFiles/cmTC_6c80c.dir/CheckFunctionExists.c.o
/usr/bin/gcc-5    -DCHECK_FUNCTION_EXISTS=pthread_create   -o CMakeFiles/cmTC_6c80c.dir/CheckFunctionExists.c.o   -c /usr/share/cmake-3.5/Modules/CheckFunctionExists.c
Linking C executable cmTC_6c80c
/usr/bin/cmake -E cmake_link_script CMakeFiles/cmTC_6c80c.dir/link.txt --verbose=1
/usr/bin/gcc-5   -DCHECK_FUNCTION_EXISTS=pthread_create    CMakeFiles/cmTC_6c80c.dir/CheckFunctionExists.c.o  -o cmTC_6c80c -rdynamic -lpthreads 
/usr/bin/ld: cannot find -lpthreads
collect2: error: ld returned 1 exit status
CMakeFiles/cmTC_6c80c.dir/build.make:97: recipe for target 'cmTC_6c80c' failed
make[1]: *** [cmTC_6c80c] Error 1
make[1]: Leaving directory '/home/benjha/code/isaac/server/build/CMakeFiles/CMakeTmp'
Makefile:126: recipe for target 'cmTC_6c80c/fast' failed
make: *** [cmTC_6c80c/fast] Error 2


Performing C SOURCE FILE Test CMAKE_HAVE_LIBC_PTHREAD failed with the following output:
Change Dir: /home/benjha/code/isaac/server/build/CMakeFiles/CMakeTmp

Run Build Command(s):/usr/bin/make cmTC_024c9/fast && /usr/bin/make  -f CMakeFiles/cmTC_024c9.dir/build.make CMakeFiles/cmTC_024c9.dir/build
make[1]: Entering directory '/home/benjha/code/isaac/server/build/CMakeFiles/CMakeTmp'
Building C object CMakeFiles/cmTC_024c9.dir/src.c.o
/usr/bin/gcc-5   -DCMAKE_HAVE_LIBC_PTHREAD -o CMakeFiles/cmTC_024c9.dir/src.c.o -c /home/benjha/code/isaac/server/build/CMakeFiles/CMakeTmp/src.c
Linking C executable cmTC_024c9
/usr/local/bin/cmake -E cmake_link_script CMakeFiles/cmTC_024c9.dir/link.txt --verbose=1
/usr/bin/gcc-5  -DCMAKE_HAVE_LIBC_PTHREAD -rdynamic CMakeFiles/cmTC_024c9.dir/src.c.o -o cmTC_024c9 
CMakeFiles/cmTC_024c9.dir/src.c.o: In function `main':
src.c:(.text+0x3c): undefined reference to `pthread_create'
src.c:(.text+0x48): undefined reference to `pthread_detach'
src.c:(.text+0x54): undefined reference to `pthread_cancel'
src.c:(.text+0x65): undefined reference to `pthread_join'
src.c:(.text+0x79): undefined reference to `pthread_atfork'
collect2: error: ld returned 1 exit status
CMakeFiles/cmTC_024c9.dir/build.make:105: recipe for target 'cmTC_024c9' failed
make[1]: *** [cmTC_024c9] Error 1
make[1]: Leaving directory '/home/benjha/code/isaac/server/build/CMakeFiles/CMakeTmp'
Makefile:140: recipe for target 'cmTC_024c9/fast' failed
make: *** [cmTC_024c9/fast] Error 2


Source file was:
#include <pthread.h>

void* test_func(void* data)
{
  return data;
}

int main(void)
{
  pthread_t thread;
  pthread_create(&thread, NULL, test_func, NULL);
  pthread_detach(thread);
  pthread_cancel(thread);
  pthread_join(thread, NULL);
  pthread_atfork(NULL, NULL, NULL);
  pthread_exit(NULL);

  return 0;
}

